<?xml version="1.0" encoding="UTF-8"?>
<!-- Generated by org.testng.reporters.JUnitReportReporter -->
<testsuite skipped="0" hostname="DESKTOP-QJK9VAS" name="runners.TestNGSequentialRunner" tests="3" failures="1" timestamp="2021-11-16T13:01:26 IST" time="26.603" errors="0">
  <testcase name="runScenario" time="8.372" classname="runners.TestNGSequentialRunner"/>
  <system-out/>
  <testcase name="runScenario" time="12.476" classname="runners.TestNGSequentialRunner"/>
  <system-out/>
  <testcase name="runScenario" time="5.755" classname="runners.TestNGSequentialRunner">
    <failure type="java.lang.AssertionError" message="expected [Cypress tutorial - Google Search] but found [Cypress tutorial - Google]">
      <![CDATA[java.lang.AssertionError: expected [Cypress tutorial - Google Search] but found [Cypress tutorial - Google]
at org.testng.Assert.fail(Assert.java:99)
at org.testng.Assert.failNotEquals(Assert.java:1037)
at org.testng.Assert.assertEqualsImpl(Assert.java:140)
at org.testng.Assert.assertEquals(Assert.java:122)
at org.testng.Assert.assertEquals(Assert.java:629)
at org.testng.Assert.assertEquals(Assert.java:639)
at stepdefs.GoogleSearchStepDef.should_display_cypress_result_page(GoogleSearchStepDef.java:84)
at âœ½.Should display Cypress result page(file:///C:/Users/DELL/eclipse-workspace/BDDTestNGSample.Demo/src/test/resources/features/googlesearch.feature:12)
]]>
    </failure>
  </testcase> <!-- runScenario -->
  <system-out/>
</testsuite> <!-- runners.TestNGSequentialRunner -->
